<?xml version="1.0" encoding="UTF-8"?>
<testng-results skipped="0" failed="1" total="1" passed="0">
  <reporter-output>
  </reporter-output>
  <suite name="Default suite" duration-ms="256" started-at="2017-01-29T02:20:27Z" finished-at="2017-01-29T02:20:28Z">
    <groups>
    </groups>
    <test name="Default test" duration-ms="256" started-at="2017-01-29T02:20:27Z" finished-at="2017-01-29T02:20:28Z">
      <class name="de.rpgstupe.rpgplugin.player.inventory.FakeInventoryTest">
        <test-method status="FAIL" signature="isCustomItemStackFitInInventoryShouldReturnFalseForInvalidCases(org.bukkit.Material, org.bukkit.Material, org.bukkit.Material, org.bukkit.Material, org.bukkit.Material, org.bukkit.Material)[pri:0, instance:de.rpgstupe.rpgplugin.player.inventory.FakeInventoryTest@4df50bcc]" name="isCustomItemStackFitInInventoryShouldReturnFalseForInvalidCases" duration-ms="136" started-at="2017-01-29T03:20:28Z" data-provider="dp" finished-at="2017-01-29T03:20:28Z">
          <params>
            <param index="0">
              <value>
                <![CDATA[WOOD]]>
              </value>
            </param>
            <param index="1">
              <value>
                <![CDATA[ACACIA_DOOR]]>
              </value>
            </param>
            <param index="2">
              <value>
                <![CDATA[ACACIA_FENCE]]>
              </value>
            </param>
            <param index="3">
              <value>
                <![CDATA[ACACIA_FENCE_GATE]]>
              </value>
            </param>
            <param index="4">
              <value>
                <![CDATA[ACACIA_STAIRS]]>
              </value>
            </param>
            <param index="5">
              <value>
                <![CDATA[WOOD]]>
              </value>
            </param>
          </params>
          <exception class="java.lang.NullPointerException">
            <full-stacktrace>
              <![CDATA[java.lang.NullPointerException
	at org.bukkit.Bukkit.getItemFactory(Bukkit.java:1036)
	at org.bukkit.inventory.ItemStack.hasItemMeta(ItemStack.java:577)
	at org.bukkit.inventory.ItemStack.isSimilar(ItemStack.java:338)
	at de.rpgstupe.rpgplugin.player.inventory.FakeInventory.isCustomItemStackFitInInventory(FakeInventory.java:47)
	at de.rpgstupe.rpgplugin.player.inventory.FakeInventoryTest.isCustomItemStackFitInInventoryShouldReturnFalseForInvalidCases(FakeInventoryTest.java:56)
	at sun.reflect.NativeMethodAccessorImpl.invoke0(Native Method)
	at sun.reflect.NativeMethodAccessorImpl.invoke(NativeMethodAccessorImpl.java:62)
	at sun.reflect.DelegatingMethodAccessorImpl.invoke(DelegatingMethodAccessorImpl.java:43)
	at java.lang.reflect.Method.invoke(Method.java:498)
	at org.testng.internal.MethodInvocationHelper.invokeMethod(MethodInvocationHelper.java:80)
	at org.testng.internal.Invoker.invokeMethod(Invoker.java:715)
	at org.testng.internal.Invoker.invokeTestMethod(Invoker.java:907)
	at org.testng.internal.Invoker.invokeTestMethods(Invoker.java:1237)
	at org.testng.internal.TestMethodWorker.invokeTestMethods(TestMethodWorker.java:127)
	at org.testng.internal.TestMethodWorker.run(TestMethodWorker.java:111)
	at org.testng.TestRunner.privateRun(TestRunner.java:767)
	at org.testng.TestRunner.run(TestRunner.java:617)
	at org.testng.SuiteRunner.runTest(SuiteRunner.java:334)
	at org.testng.SuiteRunner.runSequentially(SuiteRunner.java:329)
	at org.testng.SuiteRunner.privateRun(SuiteRunner.java:291)
	at org.testng.SuiteRunner.run(SuiteRunner.java:240)
	at org.testng.SuiteRunnerWorker.runSuite(SuiteRunnerWorker.java:51)
	at org.testng.SuiteRunnerWorker.run(SuiteRunnerWorker.java:85)
	at org.testng.TestNG.runSuitesSequentially(TestNG.java:1197)
	at org.testng.TestNG.runSuitesLocally(TestNG.java:1122)
	at org.testng.TestNG.run(TestNG.java:1030)
	at org.testng.remote.AbstractRemoteTestNG.run(AbstractRemoteTestNG.java:132)
	at org.testng.remote.RemoteTestNG.initAndRun(RemoteTestNG.java:236)
	at org.testng.remote.RemoteTestNG.main(RemoteTestNG.java:81)
]]>
            </full-stacktrace>
          </exception> <!-- java.lang.NullPointerException -->
          <reporter-output>
          </reporter-output>
        </test-method> <!-- isCustomItemStackFitInInventoryShouldReturnFalseForInvalidCases -->
      </class> <!-- de.rpgstupe.rpgplugin.player.inventory.FakeInventoryTest -->
    </test> <!-- Default test -->
  </suite> <!-- Default suite -->
</testng-results>
