<?xml version="1.0" encoding="UTF-8"?>
<testng-results skipped="0" failed="1" total="1" passed="0">
  <reporter-output>
  </reporter-output>
  <suite name="Default suite" duration-ms="293" started-at="2017-01-28T22:01:59Z" finished-at="2017-01-28T22:01:59Z">
    <groups>
    </groups>
    <test name="Default test" duration-ms="293" started-at="2017-01-28T22:01:59Z" finished-at="2017-01-28T22:01:59Z">
      <class name="de.rpgstupe.rpgplugin.inventory.FakeInventoryTest">
        <test-method status="FAIL" signature="isCustomItemStackFitInInventoryShouldReturnBooleanValueCorrectly(org.bukkit.Material, org.bukkit.Material, org.bukkit.Material, org.bukkit.Material, org.bukkit.Material, org.bukkit.Material, boolean)[pri:0, instance:de.rpgstupe.rpgplugin.inventory.FakeInventoryTest@18ce0030]" name="isCustomItemStackFitInInventoryShouldReturnBooleanValueCorrectly" duration-ms="159" started-at="2017-01-28T23:01:59Z" data-provider="isCustomItemStackFitInInventoryDataProvider" finished-at="2017-01-28T23:01:59Z">
          <params>
            <param index="0">
              <value>
                <![CDATA[IRON_AXE]]>
              </value>
            </param>
            <param index="1">
              <value>
                <![CDATA[ACACIA_DOOR]]>
              </value>
            </param>
            <param index="2">
              <value>
                <![CDATA[WOOD]]>
              </value>
            </param>
            <param index="3">
              <value>
                <![CDATA[ANVIL]]>
              </value>
            </param>
            <param index="4">
              <value>
                <![CDATA[APPLE]]>
              </value>
            </param>
            <param index="5">
              <value>
                <![CDATA[ARROW]]>
              </value>
            </param>
            <param index="6">
              <value>
                <![CDATA[false]]>
              </value>
            </param>
          </params>
          <exception class="java.lang.NullPointerException">
            <full-stacktrace>
              <![CDATA[java.lang.NullPointerException
	at org.bukkit.Bukkit.getItemFactory(Bukkit.java:1036)
	at org.bukkit.inventory.ItemStack.hasItemMeta(ItemStack.java:577)
	at org.bukkit.inventory.ItemStack.toString(ItemStack.java:303)
	at java.lang.String.valueOf(String.java:2994)
	at java.io.PrintStream.println(PrintStream.java:821)
	at de.rpgstupe.rpgplugin.inventory.FakeInventoryTest.isCustomItemStackFitInInventoryShouldReturnBooleanValueCorrectly(FakeInventoryTest.java:54)
	at sun.reflect.NativeMethodAccessorImpl.invoke0(Native Method)
	at sun.reflect.NativeMethodAccessorImpl.invoke(NativeMethodAccessorImpl.java:62)
	at sun.reflect.DelegatingMethodAccessorImpl.invoke(DelegatingMethodAccessorImpl.java:43)
	at java.lang.reflect.Method.invoke(Method.java:498)
	at org.testng.internal.MethodInvocationHelper.invokeMethod(MethodInvocationHelper.java:80)
	at org.testng.internal.Invoker.invokeMethod(Invoker.java:715)
	at org.testng.internal.Invoker.invokeTestMethod(Invoker.java:907)
	at org.testng.internal.Invoker.invokeTestMethods(Invoker.java:1237)
	at org.testng.internal.TestMethodWorker.invokeTestMethods(TestMethodWorker.java:127)
	at org.testng.internal.TestMethodWorker.run(TestMethodWorker.java:111)
	at org.testng.TestRunner.privateRun(TestRunner.java:767)
	at org.testng.TestRunner.run(TestRunner.java:617)
	at org.testng.SuiteRunner.runTest(SuiteRunner.java:334)
	at org.testng.SuiteRunner.runSequentially(SuiteRunner.java:329)
	at org.testng.SuiteRunner.privateRun(SuiteRunner.java:291)
	at org.testng.SuiteRunner.run(SuiteRunner.java:240)
	at org.testng.SuiteRunnerWorker.runSuite(SuiteRunnerWorker.java:51)
	at org.testng.SuiteRunnerWorker.run(SuiteRunnerWorker.java:85)
	at org.testng.TestNG.runSuitesSequentially(TestNG.java:1197)
	at org.testng.TestNG.runSuitesLocally(TestNG.java:1122)
	at org.testng.TestNG.run(TestNG.java:1030)
	at org.testng.remote.AbstractRemoteTestNG.run(AbstractRemoteTestNG.java:132)
	at org.testng.remote.RemoteTestNG.initAndRun(RemoteTestNG.java:236)
	at org.testng.remote.RemoteTestNG.main(RemoteTestNG.java:81)
]]>
            </full-stacktrace>
          </exception> <!-- java.lang.NullPointerException -->
          <reporter-output>
          </reporter-output>
        </test-method> <!-- isCustomItemStackFitInInventoryShouldReturnBooleanValueCorrectly -->
      </class> <!-- de.rpgstupe.rpgplugin.inventory.FakeInventoryTest -->
    </test> <!-- Default test -->
  </suite> <!-- Default suite -->
</testng-results>
